Created by PLY (http://www.dabeaz.com/ply)

Grammar

Rule 0     S' -> PROGRAM
Rule 1     PROGRAM -> ( STATEMENT | FUNCLIST ) ?
Rule 2     FUNCLIST -> FUNCDEF FUNCLIST | FUNCDEF
Rule 3     FUNCDEF -> def IDENT OPEN_PAREN PARAMLIST CLOSE_PAREN OPEN_CURLY_BRACKET STATELIST CLOSE_CURLY_BRACKET
Rule 4     PARAMLIST -> ( ( int | float | string ) IDENT COMMA PARAMLIST | ( int | float | string ) IDENT ) ?
Rule 5     STATEMENT -> ( VARDECL SEMICOLON | ATRIBSTAT SEMICOLON | PRINTSTAT SEMICOLON | READSTAT SEMICOLON | RETURNSTAT SEMICOLON | IFSTAT | FORSTAT | OPEN_CURLY_BRACKET STATELIST CLOSE_CURLY_BRACKET | break SEMICOLON | SEMICOLON )
Rule 6     VARDECL -> ( int | float | string ) IDENT ( OPEN_SQUARE_BRACKET INT_CONSTANT CLOSE_SQUARE_BRACKET ) *
Rule 7     ATRIBSTAT -> LVALUE ASSIGN ( EXPRESSION | ALLOCEXPRESSION | FUNCCALL )
Rule 8     FUNCCALL -> IDENT OPEN_PAREN PARAMLISTCALL CLOSE_PAREN
Rule 9     PARAMLISTCALL -> ( IDENT COMMA PARAMLISTCALL | IDENT ) ?
Rule 10    PRINTSTAT -> print EXPRESSION
Rule 11    READSTAT -> read LVALUE
Rule 12    RETURNSTAT -> return
Rule 13    IFSTAT -> if OPEN_PAREN EXPRESSION CLOSE_PAREN STATEMENT ( else STATEMENT ) ?
Rule 14    FORSTAT -> for OPEN_PAREN ATRIBSTAT SEMICOLON EXPRESSION SEMICOLON ATRIBSTAT CLOSE_PAREN STATEMENT
Rule 15    STATELIST -> STATEMENT ( STATELIST ) ?
Rule 16    ALLOCEXPRESSION -> new ( int | float | string ) ( OPEN_SQUARE_BRACKET NUMEXPRESSION CLOSE_SQUARE_BRACKET ) +
Rule 17    EXPRESSION -> NUMEXPRESSION ( ( LOWER | HIGHER | LOWER_EQUAL | HIGHER_EQUAL | EQUAL | NOT_EQUAL ) NUMEXPRESSION ) ?
Rule 18    NUMEXPRESSION -> TERM ( ( PLUS | MINUS ) TERM ) *
Rule 19    TERM -> UNARYEXPR ( ( MULTIPLY | DIVIDE | MODULUS ) UNARYEXPR ) *
Rule 20    UNARYEXPR -> ( ( PLUS | MINUS ) ) ? FACTOR
Rule 21    FACTOR -> ( INT_CONSTANT | FLOAT_CONSTANT | STRING_CONSTANT | null | LVALUE | OPEN_PAREN NUMEXPRESSION CLOSE_PAREN )
Rule 22    LVALUE -> IDENT ( OPEN_SQUARE_BRACKET NUMEXPRESSION CLOSE_SQUARE_BRACKET ) *

Terminals, with rules where they appear

(                    : 1 4 4 4 5 6 6 7 9 13 15 16 16 17 17 18 18 19 19 20 20 21 22
)                    : 1 4 4 4 5 6 6 7 9 13 15 16 16 17 17 18 18 19 19 20 20 21 22
*                    : 6 18 19 22
+                    : 16
?                    : 1 4 9 13 15 17 20
ASSIGN               : 7
CLOSE_CURLY_BRACKET  : 3 5
CLOSE_PAREN          : 3 8 13 14 21
CLOSE_SQUARE_BRACKET : 6 16 22
COMMA                : 4 9
DIVIDE               : 19
EQUAL                : 17
FLOAT_CONSTANT       : 21
HIGHER               : 17
HIGHER_EQUAL         : 17
IDENT                : 3 4 4 6 8 9 9 22
INT_CONSTANT         : 6 21
LOWER                : 17
LOWER_EQUAL          : 17
MINUS                : 18 20
MODULUS              : 19
MULTIPLY             : 19
NOT_EQUAL            : 17
OPEN_CURLY_BRACKET   : 3 5
OPEN_PAREN           : 3 8 13 14 21
OPEN_SQUARE_BRACKET  : 6 16 22
PLUS                 : 18 20
SEMICOLON            : 5 5 5 5 5 5 5 14 14
STRING_CONSTANT      : 21
break                : 5
def                  : 3
else                 : 13
error                : 
float                : 4 4 6 16
for                  : 14
if                   : 13
int                  : 4 4 6 16
new                  : 16
null                 : 21
print                : 10
read                 : 11
return               : 12
string               : 4 4 6 16
|                    : 1 2 4 4 4 4 4 5 5 5 5 5 5 5 5 5 6 6 7 7 9 16 16 17 17 17 17 17 18 19 19 20 21 21 21 21 21

Nonterminals, with rules where they appear

ALLOCEXPRESSION      : 7
ATRIBSTAT            : 5 14 14
EXPRESSION           : 7 10 13 14
FACTOR               : 20
FORSTAT              : 5
FUNCCALL             : 7
FUNCDEF              : 2 2
FUNCLIST             : 1 2
IFSTAT               : 5
LVALUE               : 7 11 21
NUMEXPRESSION        : 16 17 17 21 22
PARAMLIST            : 3 4
PARAMLISTCALL        : 8 9
PRINTSTAT            : 5
PROGRAM              : 0
READSTAT             : 5
RETURNSTAT           : 5
STATELIST            : 3 5 15
STATEMENT            : 1 13 13 14 15
TERM                 : 18 18
UNARYEXPR            : 19 19
VARDECL              : 5


state 0

    (0) S' -> . PROGRAM
    (1) PROGRAM -> . ( STATEMENT | FUNCLIST ) ?

    (               shift and go to state 2

    PROGRAM                        shift and go to state 1

state 1

    (0) S' -> PROGRAM .



state 2

    (1) PROGRAM -> ( . STATEMENT | FUNCLIST ) ?
    (5) STATEMENT -> . ( VARDECL SEMICOLON | ATRIBSTAT SEMICOLON | PRINTSTAT SEMICOLON | READSTAT SEMICOLON | RETURNSTAT SEMICOLON | IFSTAT | FORSTAT | OPEN_CURLY_BRACKET STATELIST CLOSE_CURLY_BRACKET | break SEMICOLON | SEMICOLON )

    (               shift and go to state 3

    STATEMENT                      shift and go to state 4

state 3

    (5) STATEMENT -> ( . VARDECL SEMICOLON | ATRIBSTAT SEMICOLON | PRINTSTAT SEMICOLON | READSTAT SEMICOLON | RETURNSTAT SEMICOLON | IFSTAT | FORSTAT | OPEN_CURLY_BRACKET STATELIST CLOSE_CURLY_BRACKET | break SEMICOLON | SEMICOLON )
    (6) VARDECL -> . ( int | float | string ) IDENT ( OPEN_SQUARE_BRACKET INT_CONSTANT CLOSE_SQUARE_BRACKET ) *

    (               shift and go to state 5

    VARDECL                        shift and go to state 6

state 4

    (1) PROGRAM -> ( STATEMENT . | FUNCLIST ) ?

    |               shift and go to state 7


state 5

    (6) VARDECL -> ( . int | float | string ) IDENT ( OPEN_SQUARE_BRACKET INT_CONSTANT CLOSE_SQUARE_BRACKET ) *

    int             shift and go to state 8


state 6

    (5) STATEMENT -> ( VARDECL . SEMICOLON | ATRIBSTAT SEMICOLON | PRINTSTAT SEMICOLON | READSTAT SEMICOLON | RETURNSTAT SEMICOLON | IFSTAT | FORSTAT | OPEN_CURLY_BRACKET STATELIST CLOSE_CURLY_BRACKET | break SEMICOLON | SEMICOLON )

    SEMICOLON       shift and go to state 9


state 7

    (1) PROGRAM -> ( STATEMENT | . FUNCLIST ) ?
    (2) FUNCLIST -> . FUNCDEF FUNCLIST | FUNCDEF
    (3) FUNCDEF -> . def IDENT OPEN_PAREN PARAMLIST CLOSE_PAREN OPEN_CURLY_BRACKET STATELIST CLOSE_CURLY_BRACKET

    def             shift and go to state 12

    FUNCLIST                       shift and go to state 10
    FUNCDEF                        shift and go to state 11

state 8

    (6) VARDECL -> ( int . | float | string ) IDENT ( OPEN_SQUARE_BRACKET INT_CONSTANT CLOSE_SQUARE_BRACKET ) *

    |               shift and go to state 13


state 9

    (5) STATEMENT -> ( VARDECL SEMICOLON . | ATRIBSTAT SEMICOLON | PRINTSTAT SEMICOLON | READSTAT SEMICOLON | RETURNSTAT SEMICOLON | IFSTAT | FORSTAT | OPEN_CURLY_BRACKET STATELIST CLOSE_CURLY_BRACKET | break SEMICOLON | SEMICOLON )

    |               shift and go to state 14


state 10

    (1) PROGRAM -> ( STATEMENT | FUNCLIST . ) ?

    )               shift and go to state 15


state 11

    (2) FUNCLIST -> FUNCDEF . FUNCLIST | FUNCDEF
    (2) FUNCLIST -> . FUNCDEF FUNCLIST | FUNCDEF
    (3) FUNCDEF -> . def IDENT OPEN_PAREN PARAMLIST CLOSE_PAREN OPEN_CURLY_BRACKET STATELIST CLOSE_CURLY_BRACKET

    def             shift and go to state 12

    FUNCDEF                        shift and go to state 11
    FUNCLIST                       shift and go to state 16

state 12

    (3) FUNCDEF -> def . IDENT OPEN_PAREN PARAMLIST CLOSE_PAREN OPEN_CURLY_BRACKET STATELIST CLOSE_CURLY_BRACKET

    IDENT           shift and go to state 17


state 13

    (6) VARDECL -> ( int | . float | string ) IDENT ( OPEN_SQUARE_BRACKET INT_CONSTANT CLOSE_SQUARE_BRACKET ) *

    float           shift and go to state 18


state 14

    (5) STATEMENT -> ( VARDECL SEMICOLON | . ATRIBSTAT SEMICOLON | PRINTSTAT SEMICOLON | READSTAT SEMICOLON | RETURNSTAT SEMICOLON | IFSTAT | FORSTAT | OPEN_CURLY_BRACKET STATELIST CLOSE_CURLY_BRACKET | break SEMICOLON | SEMICOLON )
    (7) ATRIBSTAT -> . LVALUE ASSIGN ( EXPRESSION | ALLOCEXPRESSION | FUNCCALL )
    (22) LVALUE -> . IDENT ( OPEN_SQUARE_BRACKET NUMEXPRESSION CLOSE_SQUARE_BRACKET ) *

    IDENT           shift and go to state 21

    ATRIBSTAT                      shift and go to state 19
    LVALUE                         shift and go to state 20

state 15

    (1) PROGRAM -> ( STATEMENT | FUNCLIST ) . ?

    ?               shift and go to state 22


state 16

    (2) FUNCLIST -> FUNCDEF FUNCLIST . | FUNCDEF

    |               shift and go to state 23


state 17

    (3) FUNCDEF -> def IDENT . OPEN_PAREN PARAMLIST CLOSE_PAREN OPEN_CURLY_BRACKET STATELIST CLOSE_CURLY_BRACKET

    OPEN_PAREN      shift and go to state 24


state 18

    (6) VARDECL -> ( int | float . | string ) IDENT ( OPEN_SQUARE_BRACKET INT_CONSTANT CLOSE_SQUARE_BRACKET ) *

    |               shift and go to state 25


state 19

    (5) STATEMENT -> ( VARDECL SEMICOLON | ATRIBSTAT . SEMICOLON | PRINTSTAT SEMICOLON | READSTAT SEMICOLON | RETURNSTAT SEMICOLON | IFSTAT | FORSTAT | OPEN_CURLY_BRACKET STATELIST CLOSE_CURLY_BRACKET | break SEMICOLON | SEMICOLON )

    SEMICOLON       shift and go to state 26


state 20

    (7) ATRIBSTAT -> LVALUE . ASSIGN ( EXPRESSION | ALLOCEXPRESSION | FUNCCALL )

    ASSIGN          shift and go to state 27


state 21

    (22) LVALUE -> IDENT . ( OPEN_SQUARE_BRACKET NUMEXPRESSION CLOSE_SQUARE_BRACKET ) *

    (               shift and go to state 28


state 22

    (1) PROGRAM -> ( STATEMENT | FUNCLIST ) ? .

    $end            reduce using rule 1 (PROGRAM -> ( STATEMENT | FUNCLIST ) ? .)


state 23

    (2) FUNCLIST -> FUNCDEF FUNCLIST | . FUNCDEF
    (3) FUNCDEF -> . def IDENT OPEN_PAREN PARAMLIST CLOSE_PAREN OPEN_CURLY_BRACKET STATELIST CLOSE_CURLY_BRACKET

    def             shift and go to state 12

    FUNCDEF                        shift and go to state 29

state 24

    (3) FUNCDEF -> def IDENT OPEN_PAREN . PARAMLIST CLOSE_PAREN OPEN_CURLY_BRACKET STATELIST CLOSE_CURLY_BRACKET
    (4) PARAMLIST -> . ( ( int | float | string ) IDENT COMMA PARAMLIST | ( int | float | string ) IDENT ) ?

    (               shift and go to state 31

    PARAMLIST                      shift and go to state 30

state 25

    (6) VARDECL -> ( int | float | . string ) IDENT ( OPEN_SQUARE_BRACKET INT_CONSTANT CLOSE_SQUARE_BRACKET ) *

    string          shift and go to state 32


state 26

    (5) STATEMENT -> ( VARDECL SEMICOLON | ATRIBSTAT SEMICOLON . | PRINTSTAT SEMICOLON | READSTAT SEMICOLON | RETURNSTAT SEMICOLON | IFSTAT | FORSTAT | OPEN_CURLY_BRACKET STATELIST CLOSE_CURLY_BRACKET | break SEMICOLON | SEMICOLON )

    |               shift and go to state 33


state 27

    (7) ATRIBSTAT -> LVALUE ASSIGN . ( EXPRESSION | ALLOCEXPRESSION | FUNCCALL )

    (               shift and go to state 34


state 28

    (22) LVALUE -> IDENT ( . OPEN_SQUARE_BRACKET NUMEXPRESSION CLOSE_SQUARE_BRACKET ) *

    OPEN_SQUARE_BRACKET shift and go to state 35


state 29

    (2) FUNCLIST -> FUNCDEF FUNCLIST | FUNCDEF .

    )               reduce using rule 2 (FUNCLIST -> FUNCDEF FUNCLIST | FUNCDEF .)
    |               reduce using rule 2 (FUNCLIST -> FUNCDEF FUNCLIST | FUNCDEF .)


state 30

    (3) FUNCDEF -> def IDENT OPEN_PAREN PARAMLIST . CLOSE_PAREN OPEN_CURLY_BRACKET STATELIST CLOSE_CURLY_BRACKET

    CLOSE_PAREN     shift and go to state 36


state 31

    (4) PARAMLIST -> ( . ( int | float | string ) IDENT COMMA PARAMLIST | ( int | float | string ) IDENT ) ?

    (               shift and go to state 37


state 32

    (6) VARDECL -> ( int | float | string . ) IDENT ( OPEN_SQUARE_BRACKET INT_CONSTANT CLOSE_SQUARE_BRACKET ) *

    )               shift and go to state 38


state 33

    (5) STATEMENT -> ( VARDECL SEMICOLON | ATRIBSTAT SEMICOLON | . PRINTSTAT SEMICOLON | READSTAT SEMICOLON | RETURNSTAT SEMICOLON | IFSTAT | FORSTAT | OPEN_CURLY_BRACKET STATELIST CLOSE_CURLY_BRACKET | break SEMICOLON | SEMICOLON )
    (10) PRINTSTAT -> . print EXPRESSION

    print           shift and go to state 40

    PRINTSTAT                      shift and go to state 39

state 34

    (7) ATRIBSTAT -> LVALUE ASSIGN ( . EXPRESSION | ALLOCEXPRESSION | FUNCCALL )
    (17) EXPRESSION -> . NUMEXPRESSION ( ( LOWER | HIGHER | LOWER_EQUAL | HIGHER_EQUAL | EQUAL | NOT_EQUAL ) NUMEXPRESSION ) ?
    (18) NUMEXPRESSION -> . TERM ( ( PLUS | MINUS ) TERM ) *
    (19) TERM -> . UNARYEXPR ( ( MULTIPLY | DIVIDE | MODULUS ) UNARYEXPR ) *
    (20) UNARYEXPR -> . ( ( PLUS | MINUS ) ) ? FACTOR

    (               shift and go to state 41

    EXPRESSION                     shift and go to state 42
    NUMEXPRESSION                  shift and go to state 43
    TERM                           shift and go to state 44
    UNARYEXPR                      shift and go to state 45

state 35

    (22) LVALUE -> IDENT ( OPEN_SQUARE_BRACKET . NUMEXPRESSION CLOSE_SQUARE_BRACKET ) *
    (18) NUMEXPRESSION -> . TERM ( ( PLUS | MINUS ) TERM ) *
    (19) TERM -> . UNARYEXPR ( ( MULTIPLY | DIVIDE | MODULUS ) UNARYEXPR ) *
    (20) UNARYEXPR -> . ( ( PLUS | MINUS ) ) ? FACTOR

    (               shift and go to state 41

    NUMEXPRESSION                  shift and go to state 46
    TERM                           shift and go to state 44
    UNARYEXPR                      shift and go to state 45

state 36

    (3) FUNCDEF -> def IDENT OPEN_PAREN PARAMLIST CLOSE_PAREN . OPEN_CURLY_BRACKET STATELIST CLOSE_CURLY_BRACKET

    OPEN_CURLY_BRACKET shift and go to state 47


state 37

    (4) PARAMLIST -> ( ( . int | float | string ) IDENT COMMA PARAMLIST | ( int | float | string ) IDENT ) ?

    int             shift and go to state 48


state 38

    (6) VARDECL -> ( int | float | string ) . IDENT ( OPEN_SQUARE_BRACKET INT_CONSTANT CLOSE_SQUARE_BRACKET ) *

    IDENT           shift and go to state 49


state 39

    (5) STATEMENT -> ( VARDECL SEMICOLON | ATRIBSTAT SEMICOLON | PRINTSTAT . SEMICOLON | READSTAT SEMICOLON | RETURNSTAT SEMICOLON | IFSTAT | FORSTAT | OPEN_CURLY_BRACKET STATELIST CLOSE_CURLY_BRACKET | break SEMICOLON | SEMICOLON )

    SEMICOLON       shift and go to state 50


state 40

    (10) PRINTSTAT -> print . EXPRESSION
    (17) EXPRESSION -> . NUMEXPRESSION ( ( LOWER | HIGHER | LOWER_EQUAL | HIGHER_EQUAL | EQUAL | NOT_EQUAL ) NUMEXPRESSION ) ?
    (18) NUMEXPRESSION -> . TERM ( ( PLUS | MINUS ) TERM ) *
    (19) TERM -> . UNARYEXPR ( ( MULTIPLY | DIVIDE | MODULUS ) UNARYEXPR ) *
    (20) UNARYEXPR -> . ( ( PLUS | MINUS ) ) ? FACTOR

    (               shift and go to state 41

    EXPRESSION                     shift and go to state 51
    NUMEXPRESSION                  shift and go to state 43
    TERM                           shift and go to state 44
    UNARYEXPR                      shift and go to state 45

state 41

    (20) UNARYEXPR -> ( . ( PLUS | MINUS ) ) ? FACTOR

    (               shift and go to state 52


state 42

    (7) ATRIBSTAT -> LVALUE ASSIGN ( EXPRESSION . | ALLOCEXPRESSION | FUNCCALL )

    |               shift and go to state 53


state 43

    (17) EXPRESSION -> NUMEXPRESSION . ( ( LOWER | HIGHER | LOWER_EQUAL | HIGHER_EQUAL | EQUAL | NOT_EQUAL ) NUMEXPRESSION ) ?

    (               shift and go to state 54


state 44

    (18) NUMEXPRESSION -> TERM . ( ( PLUS | MINUS ) TERM ) *

    (               shift and go to state 55


state 45

    (19) TERM -> UNARYEXPR . ( ( MULTIPLY | DIVIDE | MODULUS ) UNARYEXPR ) *

    (               shift and go to state 56


state 46

    (22) LVALUE -> IDENT ( OPEN_SQUARE_BRACKET NUMEXPRESSION . CLOSE_SQUARE_BRACKET ) *

    CLOSE_SQUARE_BRACKET shift and go to state 57


state 47

    (3) FUNCDEF -> def IDENT OPEN_PAREN PARAMLIST CLOSE_PAREN OPEN_CURLY_BRACKET . STATELIST CLOSE_CURLY_BRACKET
    (15) STATELIST -> . STATEMENT ( STATELIST ) ?
    (5) STATEMENT -> . ( VARDECL SEMICOLON | ATRIBSTAT SEMICOLON | PRINTSTAT SEMICOLON | READSTAT SEMICOLON | RETURNSTAT SEMICOLON | IFSTAT | FORSTAT | OPEN_CURLY_BRACKET STATELIST CLOSE_CURLY_BRACKET | break SEMICOLON | SEMICOLON )

    (               shift and go to state 3

    STATELIST                      shift and go to state 58
    STATEMENT                      shift and go to state 59

state 48

    (4) PARAMLIST -> ( ( int . | float | string ) IDENT COMMA PARAMLIST | ( int | float | string ) IDENT ) ?

    |               shift and go to state 60


state 49

    (6) VARDECL -> ( int | float | string ) IDENT . ( OPEN_SQUARE_BRACKET INT_CONSTANT CLOSE_SQUARE_BRACKET ) *

    (               shift and go to state 61


state 50

    (5) STATEMENT -> ( VARDECL SEMICOLON | ATRIBSTAT SEMICOLON | PRINTSTAT SEMICOLON . | READSTAT SEMICOLON | RETURNSTAT SEMICOLON | IFSTAT | FORSTAT | OPEN_CURLY_BRACKET STATELIST CLOSE_CURLY_BRACKET | break SEMICOLON | SEMICOLON )

    |               shift and go to state 62


state 51

    (10) PRINTSTAT -> print EXPRESSION .

    SEMICOLON       reduce using rule 10 (PRINTSTAT -> print EXPRESSION .)


state 52

    (20) UNARYEXPR -> ( ( . PLUS | MINUS ) ) ? FACTOR

    PLUS            shift and go to state 63


state 53

    (7) ATRIBSTAT -> LVALUE ASSIGN ( EXPRESSION | . ALLOCEXPRESSION | FUNCCALL )
    (16) ALLOCEXPRESSION -> . new ( int | float | string ) ( OPEN_SQUARE_BRACKET NUMEXPRESSION CLOSE_SQUARE_BRACKET ) +

    new             shift and go to state 65

    ALLOCEXPRESSION                shift and go to state 64

state 54

    (17) EXPRESSION -> NUMEXPRESSION ( . ( LOWER | HIGHER | LOWER_EQUAL | HIGHER_EQUAL | EQUAL | NOT_EQUAL ) NUMEXPRESSION ) ?

    (               shift and go to state 66


state 55

    (18) NUMEXPRESSION -> TERM ( . ( PLUS | MINUS ) TERM ) *

    (               shift and go to state 67


state 56

    (19) TERM -> UNARYEXPR ( . ( MULTIPLY | DIVIDE | MODULUS ) UNARYEXPR ) *

    (               shift and go to state 68


state 57

    (22) LVALUE -> IDENT ( OPEN_SQUARE_BRACKET NUMEXPRESSION CLOSE_SQUARE_BRACKET . ) *

    )               shift and go to state 69


state 58

    (3) FUNCDEF -> def IDENT OPEN_PAREN PARAMLIST CLOSE_PAREN OPEN_CURLY_BRACKET STATELIST . CLOSE_CURLY_BRACKET

    CLOSE_CURLY_BRACKET shift and go to state 70


state 59

    (15) STATELIST -> STATEMENT . ( STATELIST ) ?

    (               shift and go to state 71


state 60

    (4) PARAMLIST -> ( ( int | . float | string ) IDENT COMMA PARAMLIST | ( int | float | string ) IDENT ) ?

    float           shift and go to state 72


state 61

    (6) VARDECL -> ( int | float | string ) IDENT ( . OPEN_SQUARE_BRACKET INT_CONSTANT CLOSE_SQUARE_BRACKET ) *

    OPEN_SQUARE_BRACKET shift and go to state 73


state 62

    (5) STATEMENT -> ( VARDECL SEMICOLON | ATRIBSTAT SEMICOLON | PRINTSTAT SEMICOLON | . READSTAT SEMICOLON | RETURNSTAT SEMICOLON | IFSTAT | FORSTAT | OPEN_CURLY_BRACKET STATELIST CLOSE_CURLY_BRACKET | break SEMICOLON | SEMICOLON )
    (11) READSTAT -> . read LVALUE

    read            shift and go to state 75

    READSTAT                       shift and go to state 74

state 63

    (20) UNARYEXPR -> ( ( PLUS . | MINUS ) ) ? FACTOR

    |               shift and go to state 76


state 64

    (7) ATRIBSTAT -> LVALUE ASSIGN ( EXPRESSION | ALLOCEXPRESSION . | FUNCCALL )

    |               shift and go to state 77


state 65

    (16) ALLOCEXPRESSION -> new . ( int | float | string ) ( OPEN_SQUARE_BRACKET NUMEXPRESSION CLOSE_SQUARE_BRACKET ) +

    (               shift and go to state 78


state 66

    (17) EXPRESSION -> NUMEXPRESSION ( ( . LOWER | HIGHER | LOWER_EQUAL | HIGHER_EQUAL | EQUAL | NOT_EQUAL ) NUMEXPRESSION ) ?

    LOWER           shift and go to state 79


state 67

    (18) NUMEXPRESSION -> TERM ( ( . PLUS | MINUS ) TERM ) *

    PLUS            shift and go to state 80


state 68

    (19) TERM -> UNARYEXPR ( ( . MULTIPLY | DIVIDE | MODULUS ) UNARYEXPR ) *

    MULTIPLY        shift and go to state 81


state 69

    (22) LVALUE -> IDENT ( OPEN_SQUARE_BRACKET NUMEXPRESSION CLOSE_SQUARE_BRACKET ) . *

    *               shift and go to state 82


state 70

    (3) FUNCDEF -> def IDENT OPEN_PAREN PARAMLIST CLOSE_PAREN OPEN_CURLY_BRACKET STATELIST CLOSE_CURLY_BRACKET .

    def             reduce using rule 3 (FUNCDEF -> def IDENT OPEN_PAREN PARAMLIST CLOSE_PAREN OPEN_CURLY_BRACKET STATELIST CLOSE_CURLY_BRACKET .)
    )               reduce using rule 3 (FUNCDEF -> def IDENT OPEN_PAREN PARAMLIST CLOSE_PAREN OPEN_CURLY_BRACKET STATELIST CLOSE_CURLY_BRACKET .)
    |               reduce using rule 3 (FUNCDEF -> def IDENT OPEN_PAREN PARAMLIST CLOSE_PAREN OPEN_CURLY_BRACKET STATELIST CLOSE_CURLY_BRACKET .)


state 71

    (15) STATELIST -> STATEMENT ( . STATELIST ) ?
    (15) STATELIST -> . STATEMENT ( STATELIST ) ?
    (5) STATEMENT -> . ( VARDECL SEMICOLON | ATRIBSTAT SEMICOLON | PRINTSTAT SEMICOLON | READSTAT SEMICOLON | RETURNSTAT SEMICOLON | IFSTAT | FORSTAT | OPEN_CURLY_BRACKET STATELIST CLOSE_CURLY_BRACKET | break SEMICOLON | SEMICOLON )

    (               shift and go to state 3

    STATEMENT                      shift and go to state 59
    STATELIST                      shift and go to state 83

state 72

    (4) PARAMLIST -> ( ( int | float . | string ) IDENT COMMA PARAMLIST | ( int | float | string ) IDENT ) ?

    |               shift and go to state 84


state 73

    (6) VARDECL -> ( int | float | string ) IDENT ( OPEN_SQUARE_BRACKET . INT_CONSTANT CLOSE_SQUARE_BRACKET ) *

    INT_CONSTANT    shift and go to state 85


state 74

    (5) STATEMENT -> ( VARDECL SEMICOLON | ATRIBSTAT SEMICOLON | PRINTSTAT SEMICOLON | READSTAT . SEMICOLON | RETURNSTAT SEMICOLON | IFSTAT | FORSTAT | OPEN_CURLY_BRACKET STATELIST CLOSE_CURLY_BRACKET | break SEMICOLON | SEMICOLON )

    SEMICOLON       shift and go to state 86


state 75

    (11) READSTAT -> read . LVALUE
    (22) LVALUE -> . IDENT ( OPEN_SQUARE_BRACKET NUMEXPRESSION CLOSE_SQUARE_BRACKET ) *

    IDENT           shift and go to state 21

    LVALUE                         shift and go to state 87

state 76

    (20) UNARYEXPR -> ( ( PLUS | . MINUS ) ) ? FACTOR

    MINUS           shift and go to state 88


state 77

    (7) ATRIBSTAT -> LVALUE ASSIGN ( EXPRESSION | ALLOCEXPRESSION | . FUNCCALL )
    (8) FUNCCALL -> . IDENT OPEN_PAREN PARAMLISTCALL CLOSE_PAREN

    IDENT           shift and go to state 90

    FUNCCALL                       shift and go to state 89

state 78

    (16) ALLOCEXPRESSION -> new ( . int | float | string ) ( OPEN_SQUARE_BRACKET NUMEXPRESSION CLOSE_SQUARE_BRACKET ) +

    int             shift and go to state 91


state 79

    (17) EXPRESSION -> NUMEXPRESSION ( ( LOWER . | HIGHER | LOWER_EQUAL | HIGHER_EQUAL | EQUAL | NOT_EQUAL ) NUMEXPRESSION ) ?

    |               shift and go to state 92


state 80

    (18) NUMEXPRESSION -> TERM ( ( PLUS . | MINUS ) TERM ) *

    |               shift and go to state 93


state 81

    (19) TERM -> UNARYEXPR ( ( MULTIPLY . | DIVIDE | MODULUS ) UNARYEXPR ) *

    |               shift and go to state 94


state 82

    (22) LVALUE -> IDENT ( OPEN_SQUARE_BRACKET NUMEXPRESSION CLOSE_SQUARE_BRACKET ) * .

    ASSIGN          reduce using rule 22 (LVALUE -> IDENT ( OPEN_SQUARE_BRACKET NUMEXPRESSION CLOSE_SQUARE_BRACKET ) * .)
    SEMICOLON       reduce using rule 22 (LVALUE -> IDENT ( OPEN_SQUARE_BRACKET NUMEXPRESSION CLOSE_SQUARE_BRACKET ) * .)
    |               reduce using rule 22 (LVALUE -> IDENT ( OPEN_SQUARE_BRACKET NUMEXPRESSION CLOSE_SQUARE_BRACKET ) * .)


state 83

    (15) STATELIST -> STATEMENT ( STATELIST . ) ?

    )               shift and go to state 95


state 84

    (4) PARAMLIST -> ( ( int | float | . string ) IDENT COMMA PARAMLIST | ( int | float | string ) IDENT ) ?

    string          shift and go to state 96


state 85

    (6) VARDECL -> ( int | float | string ) IDENT ( OPEN_SQUARE_BRACKET INT_CONSTANT . CLOSE_SQUARE_BRACKET ) *

    CLOSE_SQUARE_BRACKET shift and go to state 97


state 86

    (5) STATEMENT -> ( VARDECL SEMICOLON | ATRIBSTAT SEMICOLON | PRINTSTAT SEMICOLON | READSTAT SEMICOLON . | RETURNSTAT SEMICOLON | IFSTAT | FORSTAT | OPEN_CURLY_BRACKET STATELIST CLOSE_CURLY_BRACKET | break SEMICOLON | SEMICOLON )

    |               shift and go to state 98


state 87

    (11) READSTAT -> read LVALUE .

    SEMICOLON       reduce using rule 11 (READSTAT -> read LVALUE .)


state 88

    (20) UNARYEXPR -> ( ( PLUS | MINUS . ) ) ? FACTOR

    )               shift and go to state 99


state 89

    (7) ATRIBSTAT -> LVALUE ASSIGN ( EXPRESSION | ALLOCEXPRESSION | FUNCCALL . )

    )               shift and go to state 100


state 90

    (8) FUNCCALL -> IDENT . OPEN_PAREN PARAMLISTCALL CLOSE_PAREN

    OPEN_PAREN      shift and go to state 101


state 91

    (16) ALLOCEXPRESSION -> new ( int . | float | string ) ( OPEN_SQUARE_BRACKET NUMEXPRESSION CLOSE_SQUARE_BRACKET ) +

    |               shift and go to state 102


state 92

    (17) EXPRESSION -> NUMEXPRESSION ( ( LOWER | . HIGHER | LOWER_EQUAL | HIGHER_EQUAL | EQUAL | NOT_EQUAL ) NUMEXPRESSION ) ?

    HIGHER          shift and go to state 103


state 93

    (18) NUMEXPRESSION -> TERM ( ( PLUS | . MINUS ) TERM ) *

    MINUS           shift and go to state 104


state 94

    (19) TERM -> UNARYEXPR ( ( MULTIPLY | . DIVIDE | MODULUS ) UNARYEXPR ) *

    DIVIDE          shift and go to state 105


state 95

    (15) STATELIST -> STATEMENT ( STATELIST ) . ?

    ?               shift and go to state 106


state 96

    (4) PARAMLIST -> ( ( int | float | string . ) IDENT COMMA PARAMLIST | ( int | float | string ) IDENT ) ?

    )               shift and go to state 107


state 97

    (6) VARDECL -> ( int | float | string ) IDENT ( OPEN_SQUARE_BRACKET INT_CONSTANT CLOSE_SQUARE_BRACKET . ) *

    )               shift and go to state 108


state 98

    (5) STATEMENT -> ( VARDECL SEMICOLON | ATRIBSTAT SEMICOLON | PRINTSTAT SEMICOLON | READSTAT SEMICOLON | . RETURNSTAT SEMICOLON | IFSTAT | FORSTAT | OPEN_CURLY_BRACKET STATELIST CLOSE_CURLY_BRACKET | break SEMICOLON | SEMICOLON )
    (12) RETURNSTAT -> . return

    return          shift and go to state 110

    RETURNSTAT                     shift and go to state 109

state 99

    (20) UNARYEXPR -> ( ( PLUS | MINUS ) . ) ? FACTOR

    )               shift and go to state 111


state 100

    (7) ATRIBSTAT -> LVALUE ASSIGN ( EXPRESSION | ALLOCEXPRESSION | FUNCCALL ) .

    SEMICOLON       reduce using rule 7 (ATRIBSTAT -> LVALUE ASSIGN ( EXPRESSION | ALLOCEXPRESSION | FUNCCALL ) .)
    CLOSE_PAREN     reduce using rule 7 (ATRIBSTAT -> LVALUE ASSIGN ( EXPRESSION | ALLOCEXPRESSION | FUNCCALL ) .)


state 101

    (8) FUNCCALL -> IDENT OPEN_PAREN . PARAMLISTCALL CLOSE_PAREN
    (9) PARAMLISTCALL -> . ( IDENT COMMA PARAMLISTCALL | IDENT ) ?

    (               shift and go to state 113

    PARAMLISTCALL                  shift and go to state 112

state 102

    (16) ALLOCEXPRESSION -> new ( int | . float | string ) ( OPEN_SQUARE_BRACKET NUMEXPRESSION CLOSE_SQUARE_BRACKET ) +

    float           shift and go to state 114


state 103

    (17) EXPRESSION -> NUMEXPRESSION ( ( LOWER | HIGHER . | LOWER_EQUAL | HIGHER_EQUAL | EQUAL | NOT_EQUAL ) NUMEXPRESSION ) ?

    |               shift and go to state 115


state 104

    (18) NUMEXPRESSION -> TERM ( ( PLUS | MINUS . ) TERM ) *

    )               shift and go to state 116


state 105

    (19) TERM -> UNARYEXPR ( ( MULTIPLY | DIVIDE . | MODULUS ) UNARYEXPR ) *

    |               shift and go to state 117


state 106

    (15) STATELIST -> STATEMENT ( STATELIST ) ? .

    CLOSE_CURLY_BRACKET reduce using rule 15 (STATELIST -> STATEMENT ( STATELIST ) ? .)
    )               reduce using rule 15 (STATELIST -> STATEMENT ( STATELIST ) ? .)


state 107

    (4) PARAMLIST -> ( ( int | float | string ) . IDENT COMMA PARAMLIST | ( int | float | string ) IDENT ) ?

    IDENT           shift and go to state 118


state 108

    (6) VARDECL -> ( int | float | string ) IDENT ( OPEN_SQUARE_BRACKET INT_CONSTANT CLOSE_SQUARE_BRACKET ) . *

    *               shift and go to state 119


state 109

    (5) STATEMENT -> ( VARDECL SEMICOLON | ATRIBSTAT SEMICOLON | PRINTSTAT SEMICOLON | READSTAT SEMICOLON | RETURNSTAT . SEMICOLON | IFSTAT | FORSTAT | OPEN_CURLY_BRACKET STATELIST CLOSE_CURLY_BRACKET | break SEMICOLON | SEMICOLON )

    SEMICOLON       shift and go to state 120


state 110

    (12) RETURNSTAT -> return .

    SEMICOLON       reduce using rule 12 (RETURNSTAT -> return .)


state 111

    (20) UNARYEXPR -> ( ( PLUS | MINUS ) ) . ? FACTOR

    ?               shift and go to state 121


state 112

    (8) FUNCCALL -> IDENT OPEN_PAREN PARAMLISTCALL . CLOSE_PAREN

    CLOSE_PAREN     shift and go to state 122


state 113

    (9) PARAMLISTCALL -> ( . IDENT COMMA PARAMLISTCALL | IDENT ) ?

    IDENT           shift and go to state 123


state 114

    (16) ALLOCEXPRESSION -> new ( int | float . | string ) ( OPEN_SQUARE_BRACKET NUMEXPRESSION CLOSE_SQUARE_BRACKET ) +

    |               shift and go to state 124


state 115

    (17) EXPRESSION -> NUMEXPRESSION ( ( LOWER | HIGHER | . LOWER_EQUAL | HIGHER_EQUAL | EQUAL | NOT_EQUAL ) NUMEXPRESSION ) ?

    LOWER_EQUAL     shift and go to state 125


state 116

    (18) NUMEXPRESSION -> TERM ( ( PLUS | MINUS ) . TERM ) *
    (19) TERM -> . UNARYEXPR ( ( MULTIPLY | DIVIDE | MODULUS ) UNARYEXPR ) *
    (20) UNARYEXPR -> . ( ( PLUS | MINUS ) ) ? FACTOR

    (               shift and go to state 41

    TERM                           shift and go to state 126
    UNARYEXPR                      shift and go to state 45

state 117

    (19) TERM -> UNARYEXPR ( ( MULTIPLY | DIVIDE | . MODULUS ) UNARYEXPR ) *

    MODULUS         shift and go to state 127


state 118

    (4) PARAMLIST -> ( ( int | float | string ) IDENT . COMMA PARAMLIST | ( int | float | string ) IDENT ) ?

    COMMA           shift and go to state 128


state 119

    (6) VARDECL -> ( int | float | string ) IDENT ( OPEN_SQUARE_BRACKET INT_CONSTANT CLOSE_SQUARE_BRACKET ) * .

    SEMICOLON       reduce using rule 6 (VARDECL -> ( int | float | string ) IDENT ( OPEN_SQUARE_BRACKET INT_CONSTANT CLOSE_SQUARE_BRACKET ) * .)


state 120

    (5) STATEMENT -> ( VARDECL SEMICOLON | ATRIBSTAT SEMICOLON | PRINTSTAT SEMICOLON | READSTAT SEMICOLON | RETURNSTAT SEMICOLON . | IFSTAT | FORSTAT | OPEN_CURLY_BRACKET STATELIST CLOSE_CURLY_BRACKET | break SEMICOLON | SEMICOLON )

    |               shift and go to state 129


state 121

    (20) UNARYEXPR -> ( ( PLUS | MINUS ) ) ? . FACTOR
    (21) FACTOR -> . ( INT_CONSTANT | FLOAT_CONSTANT | STRING_CONSTANT | null | LVALUE | OPEN_PAREN NUMEXPRESSION CLOSE_PAREN )

    (               shift and go to state 130

    FACTOR                         shift and go to state 131

state 122

    (8) FUNCCALL -> IDENT OPEN_PAREN PARAMLISTCALL CLOSE_PAREN .

    )               reduce using rule 8 (FUNCCALL -> IDENT OPEN_PAREN PARAMLISTCALL CLOSE_PAREN .)


state 123

    (9) PARAMLISTCALL -> ( IDENT . COMMA PARAMLISTCALL | IDENT ) ?

    COMMA           shift and go to state 132


state 124

    (16) ALLOCEXPRESSION -> new ( int | float | . string ) ( OPEN_SQUARE_BRACKET NUMEXPRESSION CLOSE_SQUARE_BRACKET ) +

    string          shift and go to state 133


state 125

    (17) EXPRESSION -> NUMEXPRESSION ( ( LOWER | HIGHER | LOWER_EQUAL . | HIGHER_EQUAL | EQUAL | NOT_EQUAL ) NUMEXPRESSION ) ?

    |               shift and go to state 134


state 126

    (18) NUMEXPRESSION -> TERM ( ( PLUS | MINUS ) TERM . ) *

    )               shift and go to state 135


state 127

    (19) TERM -> UNARYEXPR ( ( MULTIPLY | DIVIDE | MODULUS . ) UNARYEXPR ) *

    )               shift and go to state 136


state 128

    (4) PARAMLIST -> ( ( int | float | string ) IDENT COMMA . PARAMLIST | ( int | float | string ) IDENT ) ?
    (4) PARAMLIST -> . ( ( int | float | string ) IDENT COMMA PARAMLIST | ( int | float | string ) IDENT ) ?

    (               shift and go to state 31

    PARAMLIST                      shift and go to state 137

state 129

    (5) STATEMENT -> ( VARDECL SEMICOLON | ATRIBSTAT SEMICOLON | PRINTSTAT SEMICOLON | READSTAT SEMICOLON | RETURNSTAT SEMICOLON | . IFSTAT | FORSTAT | OPEN_CURLY_BRACKET STATELIST CLOSE_CURLY_BRACKET | break SEMICOLON | SEMICOLON )
    (13) IFSTAT -> . if OPEN_PAREN EXPRESSION CLOSE_PAREN STATEMENT ( else STATEMENT ) ?

    if              shift and go to state 139

    IFSTAT                         shift and go to state 138

state 130

    (21) FACTOR -> ( . INT_CONSTANT | FLOAT_CONSTANT | STRING_CONSTANT | null | LVALUE | OPEN_PAREN NUMEXPRESSION CLOSE_PAREN )

    INT_CONSTANT    shift and go to state 140


state 131

    (20) UNARYEXPR -> ( ( PLUS | MINUS ) ) ? FACTOR .

    (               reduce using rule 20 (UNARYEXPR -> ( ( PLUS | MINUS ) ) ? FACTOR .)
    )               reduce using rule 20 (UNARYEXPR -> ( ( PLUS | MINUS ) ) ? FACTOR .)


state 132

    (9) PARAMLISTCALL -> ( IDENT COMMA . PARAMLISTCALL | IDENT ) ?
    (9) PARAMLISTCALL -> . ( IDENT COMMA PARAMLISTCALL | IDENT ) ?

    (               shift and go to state 113

    PARAMLISTCALL                  shift and go to state 141

state 133

    (16) ALLOCEXPRESSION -> new ( int | float | string . ) ( OPEN_SQUARE_BRACKET NUMEXPRESSION CLOSE_SQUARE_BRACKET ) +

    )               shift and go to state 142


state 134

    (17) EXPRESSION -> NUMEXPRESSION ( ( LOWER | HIGHER | LOWER_EQUAL | . HIGHER_EQUAL | EQUAL | NOT_EQUAL ) NUMEXPRESSION ) ?

    HIGHER_EQUAL    shift and go to state 143


state 135

    (18) NUMEXPRESSION -> TERM ( ( PLUS | MINUS ) TERM ) . *

    *               shift and go to state 144


state 136

    (19) TERM -> UNARYEXPR ( ( MULTIPLY | DIVIDE | MODULUS ) . UNARYEXPR ) *
    (20) UNARYEXPR -> . ( ( PLUS | MINUS ) ) ? FACTOR

    (               shift and go to state 41

    UNARYEXPR                      shift and go to state 145

state 137

    (4) PARAMLIST -> ( ( int | float | string ) IDENT COMMA PARAMLIST . | ( int | float | string ) IDENT ) ?

    |               shift and go to state 146


state 138

    (5) STATEMENT -> ( VARDECL SEMICOLON | ATRIBSTAT SEMICOLON | PRINTSTAT SEMICOLON | READSTAT SEMICOLON | RETURNSTAT SEMICOLON | IFSTAT . | FORSTAT | OPEN_CURLY_BRACKET STATELIST CLOSE_CURLY_BRACKET | break SEMICOLON | SEMICOLON )

    |               shift and go to state 147


state 139

    (13) IFSTAT -> if . OPEN_PAREN EXPRESSION CLOSE_PAREN STATEMENT ( else STATEMENT ) ?

    OPEN_PAREN      shift and go to state 148


state 140

    (21) FACTOR -> ( INT_CONSTANT . | FLOAT_CONSTANT | STRING_CONSTANT | null | LVALUE | OPEN_PAREN NUMEXPRESSION CLOSE_PAREN )

    |               shift and go to state 149


state 141

    (9) PARAMLISTCALL -> ( IDENT COMMA PARAMLISTCALL . | IDENT ) ?

    |               shift and go to state 150


state 142

    (16) ALLOCEXPRESSION -> new ( int | float | string ) . ( OPEN_SQUARE_BRACKET NUMEXPRESSION CLOSE_SQUARE_BRACKET ) +

    (               shift and go to state 151


state 143

    (17) EXPRESSION -> NUMEXPRESSION ( ( LOWER | HIGHER | LOWER_EQUAL | HIGHER_EQUAL . | EQUAL | NOT_EQUAL ) NUMEXPRESSION ) ?

    |               shift and go to state 152


state 144

    (18) NUMEXPRESSION -> TERM ( ( PLUS | MINUS ) TERM ) * .

    (               reduce using rule 18 (NUMEXPRESSION -> TERM ( ( PLUS | MINUS ) TERM ) * .)
    CLOSE_SQUARE_BRACKET reduce using rule 18 (NUMEXPRESSION -> TERM ( ( PLUS | MINUS ) TERM ) * .)
    )               reduce using rule 18 (NUMEXPRESSION -> TERM ( ( PLUS | MINUS ) TERM ) * .)
    CLOSE_PAREN     reduce using rule 18 (NUMEXPRESSION -> TERM ( ( PLUS | MINUS ) TERM ) * .)


state 145

    (19) TERM -> UNARYEXPR ( ( MULTIPLY | DIVIDE | MODULUS ) UNARYEXPR . ) *

    )               shift and go to state 153


state 146

    (4) PARAMLIST -> ( ( int | float | string ) IDENT COMMA PARAMLIST | . ( int | float | string ) IDENT ) ?

    (               shift and go to state 154


state 147

    (5) STATEMENT -> ( VARDECL SEMICOLON | ATRIBSTAT SEMICOLON | PRINTSTAT SEMICOLON | READSTAT SEMICOLON | RETURNSTAT SEMICOLON | IFSTAT | . FORSTAT | OPEN_CURLY_BRACKET STATELIST CLOSE_CURLY_BRACKET | break SEMICOLON | SEMICOLON )
    (14) FORSTAT -> . for OPEN_PAREN ATRIBSTAT SEMICOLON EXPRESSION SEMICOLON ATRIBSTAT CLOSE_PAREN STATEMENT

    for             shift and go to state 156

    FORSTAT                        shift and go to state 155

state 148

    (13) IFSTAT -> if OPEN_PAREN . EXPRESSION CLOSE_PAREN STATEMENT ( else STATEMENT ) ?
    (17) EXPRESSION -> . NUMEXPRESSION ( ( LOWER | HIGHER | LOWER_EQUAL | HIGHER_EQUAL | EQUAL | NOT_EQUAL ) NUMEXPRESSION ) ?
    (18) NUMEXPRESSION -> . TERM ( ( PLUS | MINUS ) TERM ) *
    (19) TERM -> . UNARYEXPR ( ( MULTIPLY | DIVIDE | MODULUS ) UNARYEXPR ) *
    (20) UNARYEXPR -> . ( ( PLUS | MINUS ) ) ? FACTOR

    (               shift and go to state 41

    EXPRESSION                     shift and go to state 157
    NUMEXPRESSION                  shift and go to state 43
    TERM                           shift and go to state 44
    UNARYEXPR                      shift and go to state 45

state 149

    (21) FACTOR -> ( INT_CONSTANT | . FLOAT_CONSTANT | STRING_CONSTANT | null | LVALUE | OPEN_PAREN NUMEXPRESSION CLOSE_PAREN )

    FLOAT_CONSTANT  shift and go to state 158


state 150

    (9) PARAMLISTCALL -> ( IDENT COMMA PARAMLISTCALL | . IDENT ) ?

    IDENT           shift and go to state 159


state 151

    (16) ALLOCEXPRESSION -> new ( int | float | string ) ( . OPEN_SQUARE_BRACKET NUMEXPRESSION CLOSE_SQUARE_BRACKET ) +

    OPEN_SQUARE_BRACKET shift and go to state 160


state 152

    (17) EXPRESSION -> NUMEXPRESSION ( ( LOWER | HIGHER | LOWER_EQUAL | HIGHER_EQUAL | . EQUAL | NOT_EQUAL ) NUMEXPRESSION ) ?

    EQUAL           shift and go to state 161


state 153

    (19) TERM -> UNARYEXPR ( ( MULTIPLY | DIVIDE | MODULUS ) UNARYEXPR ) . *

    *               shift and go to state 162


state 154

    (4) PARAMLIST -> ( ( int | float | string ) IDENT COMMA PARAMLIST | ( . int | float | string ) IDENT ) ?

    int             shift and go to state 163


state 155

    (5) STATEMENT -> ( VARDECL SEMICOLON | ATRIBSTAT SEMICOLON | PRINTSTAT SEMICOLON | READSTAT SEMICOLON | RETURNSTAT SEMICOLON | IFSTAT | FORSTAT . | OPEN_CURLY_BRACKET STATELIST CLOSE_CURLY_BRACKET | break SEMICOLON | SEMICOLON )

    |               shift and go to state 164


state 156

    (14) FORSTAT -> for . OPEN_PAREN ATRIBSTAT SEMICOLON EXPRESSION SEMICOLON ATRIBSTAT CLOSE_PAREN STATEMENT

    OPEN_PAREN      shift and go to state 165


state 157

    (13) IFSTAT -> if OPEN_PAREN EXPRESSION . CLOSE_PAREN STATEMENT ( else STATEMENT ) ?

    CLOSE_PAREN     shift and go to state 166


state 158

    (21) FACTOR -> ( INT_CONSTANT | FLOAT_CONSTANT . | STRING_CONSTANT | null | LVALUE | OPEN_PAREN NUMEXPRESSION CLOSE_PAREN )

    |               shift and go to state 167


state 159

    (9) PARAMLISTCALL -> ( IDENT COMMA PARAMLISTCALL | IDENT . ) ?

    )               shift and go to state 168


state 160

    (16) ALLOCEXPRESSION -> new ( int | float | string ) ( OPEN_SQUARE_BRACKET . NUMEXPRESSION CLOSE_SQUARE_BRACKET ) +
    (18) NUMEXPRESSION -> . TERM ( ( PLUS | MINUS ) TERM ) *
    (19) TERM -> . UNARYEXPR ( ( MULTIPLY | DIVIDE | MODULUS ) UNARYEXPR ) *
    (20) UNARYEXPR -> . ( ( PLUS | MINUS ) ) ? FACTOR

    (               shift and go to state 41

    NUMEXPRESSION                  shift and go to state 169
    TERM                           shift and go to state 44
    UNARYEXPR                      shift and go to state 45

state 161

    (17) EXPRESSION -> NUMEXPRESSION ( ( LOWER | HIGHER | LOWER_EQUAL | HIGHER_EQUAL | EQUAL . | NOT_EQUAL ) NUMEXPRESSION ) ?

    |               shift and go to state 170


state 162

    (19) TERM -> UNARYEXPR ( ( MULTIPLY | DIVIDE | MODULUS ) UNARYEXPR ) * .

    (               reduce using rule 19 (TERM -> UNARYEXPR ( ( MULTIPLY | DIVIDE | MODULUS ) UNARYEXPR ) * .)
    )               reduce using rule 19 (TERM -> UNARYEXPR ( ( MULTIPLY | DIVIDE | MODULUS ) UNARYEXPR ) * .)


state 163

    (4) PARAMLIST -> ( ( int | float | string ) IDENT COMMA PARAMLIST | ( int . | float | string ) IDENT ) ?

    |               shift and go to state 171


state 164

    (5) STATEMENT -> ( VARDECL SEMICOLON | ATRIBSTAT SEMICOLON | PRINTSTAT SEMICOLON | READSTAT SEMICOLON | RETURNSTAT SEMICOLON | IFSTAT | FORSTAT | . OPEN_CURLY_BRACKET STATELIST CLOSE_CURLY_BRACKET | break SEMICOLON | SEMICOLON )

    OPEN_CURLY_BRACKET shift and go to state 172


state 165

    (14) FORSTAT -> for OPEN_PAREN . ATRIBSTAT SEMICOLON EXPRESSION SEMICOLON ATRIBSTAT CLOSE_PAREN STATEMENT
    (7) ATRIBSTAT -> . LVALUE ASSIGN ( EXPRESSION | ALLOCEXPRESSION | FUNCCALL )
    (22) LVALUE -> . IDENT ( OPEN_SQUARE_BRACKET NUMEXPRESSION CLOSE_SQUARE_BRACKET ) *

    IDENT           shift and go to state 21

    ATRIBSTAT                      shift and go to state 173
    LVALUE                         shift and go to state 20

state 166

    (13) IFSTAT -> if OPEN_PAREN EXPRESSION CLOSE_PAREN . STATEMENT ( else STATEMENT ) ?
    (5) STATEMENT -> . ( VARDECL SEMICOLON | ATRIBSTAT SEMICOLON | PRINTSTAT SEMICOLON | READSTAT SEMICOLON | RETURNSTAT SEMICOLON | IFSTAT | FORSTAT | OPEN_CURLY_BRACKET STATELIST CLOSE_CURLY_BRACKET | break SEMICOLON | SEMICOLON )

    (               shift and go to state 3

    STATEMENT                      shift and go to state 174

state 167

    (21) FACTOR -> ( INT_CONSTANT | FLOAT_CONSTANT | . STRING_CONSTANT | null | LVALUE | OPEN_PAREN NUMEXPRESSION CLOSE_PAREN )

    STRING_CONSTANT shift and go to state 175


state 168

    (9) PARAMLISTCALL -> ( IDENT COMMA PARAMLISTCALL | IDENT ) . ?

    ?               shift and go to state 176


state 169

    (16) ALLOCEXPRESSION -> new ( int | float | string ) ( OPEN_SQUARE_BRACKET NUMEXPRESSION . CLOSE_SQUARE_BRACKET ) +

    CLOSE_SQUARE_BRACKET shift and go to state 177


state 170

    (17) EXPRESSION -> NUMEXPRESSION ( ( LOWER | HIGHER | LOWER_EQUAL | HIGHER_EQUAL | EQUAL | . NOT_EQUAL ) NUMEXPRESSION ) ?

    NOT_EQUAL       shift and go to state 178


state 171

    (4) PARAMLIST -> ( ( int | float | string ) IDENT COMMA PARAMLIST | ( int | . float | string ) IDENT ) ?

    float           shift and go to state 179


state 172

    (5) STATEMENT -> ( VARDECL SEMICOLON | ATRIBSTAT SEMICOLON | PRINTSTAT SEMICOLON | READSTAT SEMICOLON | RETURNSTAT SEMICOLON | IFSTAT | FORSTAT | OPEN_CURLY_BRACKET . STATELIST CLOSE_CURLY_BRACKET | break SEMICOLON | SEMICOLON )
    (15) STATELIST -> . STATEMENT ( STATELIST ) ?
    (5) STATEMENT -> . ( VARDECL SEMICOLON | ATRIBSTAT SEMICOLON | PRINTSTAT SEMICOLON | READSTAT SEMICOLON | RETURNSTAT SEMICOLON | IFSTAT | FORSTAT | OPEN_CURLY_BRACKET STATELIST CLOSE_CURLY_BRACKET | break SEMICOLON | SEMICOLON )

    (               shift and go to state 3

    STATELIST                      shift and go to state 180
    STATEMENT                      shift and go to state 59

state 173

    (14) FORSTAT -> for OPEN_PAREN ATRIBSTAT . SEMICOLON EXPRESSION SEMICOLON ATRIBSTAT CLOSE_PAREN STATEMENT

    SEMICOLON       shift and go to state 181


state 174

    (13) IFSTAT -> if OPEN_PAREN EXPRESSION CLOSE_PAREN STATEMENT . ( else STATEMENT ) ?

    (               shift and go to state 182


state 175

    (21) FACTOR -> ( INT_CONSTANT | FLOAT_CONSTANT | STRING_CONSTANT . | null | LVALUE | OPEN_PAREN NUMEXPRESSION CLOSE_PAREN )

    |               shift and go to state 183


state 176

    (9) PARAMLISTCALL -> ( IDENT COMMA PARAMLISTCALL | IDENT ) ? .

    CLOSE_PAREN     reduce using rule 9 (PARAMLISTCALL -> ( IDENT COMMA PARAMLISTCALL | IDENT ) ? .)
    |               reduce using rule 9 (PARAMLISTCALL -> ( IDENT COMMA PARAMLISTCALL | IDENT ) ? .)


state 177

    (16) ALLOCEXPRESSION -> new ( int | float | string ) ( OPEN_SQUARE_BRACKET NUMEXPRESSION CLOSE_SQUARE_BRACKET . ) +

    )               shift and go to state 184


state 178

    (17) EXPRESSION -> NUMEXPRESSION ( ( LOWER | HIGHER | LOWER_EQUAL | HIGHER_EQUAL | EQUAL | NOT_EQUAL . ) NUMEXPRESSION ) ?

    )               shift and go to state 185


state 179

    (4) PARAMLIST -> ( ( int | float | string ) IDENT COMMA PARAMLIST | ( int | float . | string ) IDENT ) ?

    |               shift and go to state 186


state 180

    (5) STATEMENT -> ( VARDECL SEMICOLON | ATRIBSTAT SEMICOLON | PRINTSTAT SEMICOLON | READSTAT SEMICOLON | RETURNSTAT SEMICOLON | IFSTAT | FORSTAT | OPEN_CURLY_BRACKET STATELIST . CLOSE_CURLY_BRACKET | break SEMICOLON | SEMICOLON )

    CLOSE_CURLY_BRACKET shift and go to state 187


state 181

    (14) FORSTAT -> for OPEN_PAREN ATRIBSTAT SEMICOLON . EXPRESSION SEMICOLON ATRIBSTAT CLOSE_PAREN STATEMENT
    (17) EXPRESSION -> . NUMEXPRESSION ( ( LOWER | HIGHER | LOWER_EQUAL | HIGHER_EQUAL | EQUAL | NOT_EQUAL ) NUMEXPRESSION ) ?
    (18) NUMEXPRESSION -> . TERM ( ( PLUS | MINUS ) TERM ) *
    (19) TERM -> . UNARYEXPR ( ( MULTIPLY | DIVIDE | MODULUS ) UNARYEXPR ) *
    (20) UNARYEXPR -> . ( ( PLUS | MINUS ) ) ? FACTOR

    (               shift and go to state 41

    EXPRESSION                     shift and go to state 188
    NUMEXPRESSION                  shift and go to state 43
    TERM                           shift and go to state 44
    UNARYEXPR                      shift and go to state 45

state 182

    (13) IFSTAT -> if OPEN_PAREN EXPRESSION CLOSE_PAREN STATEMENT ( . else STATEMENT ) ?

    else            shift and go to state 189


state 183

    (21) FACTOR -> ( INT_CONSTANT | FLOAT_CONSTANT | STRING_CONSTANT | . null | LVALUE | OPEN_PAREN NUMEXPRESSION CLOSE_PAREN )

    null            shift and go to state 190


state 184

    (16) ALLOCEXPRESSION -> new ( int | float | string ) ( OPEN_SQUARE_BRACKET NUMEXPRESSION CLOSE_SQUARE_BRACKET ) . +

    +               shift and go to state 191


state 185

    (17) EXPRESSION -> NUMEXPRESSION ( ( LOWER | HIGHER | LOWER_EQUAL | HIGHER_EQUAL | EQUAL | NOT_EQUAL ) . NUMEXPRESSION ) ?
    (18) NUMEXPRESSION -> . TERM ( ( PLUS | MINUS ) TERM ) *
    (19) TERM -> . UNARYEXPR ( ( MULTIPLY | DIVIDE | MODULUS ) UNARYEXPR ) *
    (20) UNARYEXPR -> . ( ( PLUS | MINUS ) ) ? FACTOR

    (               shift and go to state 41

    NUMEXPRESSION                  shift and go to state 192
    TERM                           shift and go to state 44
    UNARYEXPR                      shift and go to state 45

state 186

    (4) PARAMLIST -> ( ( int | float | string ) IDENT COMMA PARAMLIST | ( int | float | . string ) IDENT ) ?

    string          shift and go to state 193


state 187

    (5) STATEMENT -> ( VARDECL SEMICOLON | ATRIBSTAT SEMICOLON | PRINTSTAT SEMICOLON | READSTAT SEMICOLON | RETURNSTAT SEMICOLON | IFSTAT | FORSTAT | OPEN_CURLY_BRACKET STATELIST CLOSE_CURLY_BRACKET . | break SEMICOLON | SEMICOLON )

    |               shift and go to state 194


state 188

    (14) FORSTAT -> for OPEN_PAREN ATRIBSTAT SEMICOLON EXPRESSION . SEMICOLON ATRIBSTAT CLOSE_PAREN STATEMENT

    SEMICOLON       shift and go to state 195


state 189

    (13) IFSTAT -> if OPEN_PAREN EXPRESSION CLOSE_PAREN STATEMENT ( else . STATEMENT ) ?
    (5) STATEMENT -> . ( VARDECL SEMICOLON | ATRIBSTAT SEMICOLON | PRINTSTAT SEMICOLON | READSTAT SEMICOLON | RETURNSTAT SEMICOLON | IFSTAT | FORSTAT | OPEN_CURLY_BRACKET STATELIST CLOSE_CURLY_BRACKET | break SEMICOLON | SEMICOLON )

    (               shift and go to state 3

    STATEMENT                      shift and go to state 196

state 190

    (21) FACTOR -> ( INT_CONSTANT | FLOAT_CONSTANT | STRING_CONSTANT | null . | LVALUE | OPEN_PAREN NUMEXPRESSION CLOSE_PAREN )

    |               shift and go to state 197


state 191

    (16) ALLOCEXPRESSION -> new ( int | float | string ) ( OPEN_SQUARE_BRACKET NUMEXPRESSION CLOSE_SQUARE_BRACKET ) + .

    |               reduce using rule 16 (ALLOCEXPRESSION -> new ( int | float | string ) ( OPEN_SQUARE_BRACKET NUMEXPRESSION CLOSE_SQUARE_BRACKET ) + .)


state 192

    (17) EXPRESSION -> NUMEXPRESSION ( ( LOWER | HIGHER | LOWER_EQUAL | HIGHER_EQUAL | EQUAL | NOT_EQUAL ) NUMEXPRESSION . ) ?

    )               shift and go to state 198


state 193

    (4) PARAMLIST -> ( ( int | float | string ) IDENT COMMA PARAMLIST | ( int | float | string . ) IDENT ) ?

    )               shift and go to state 199


state 194

    (5) STATEMENT -> ( VARDECL SEMICOLON | ATRIBSTAT SEMICOLON | PRINTSTAT SEMICOLON | READSTAT SEMICOLON | RETURNSTAT SEMICOLON | IFSTAT | FORSTAT | OPEN_CURLY_BRACKET STATELIST CLOSE_CURLY_BRACKET | . break SEMICOLON | SEMICOLON )

    break           shift and go to state 200


state 195

    (14) FORSTAT -> for OPEN_PAREN ATRIBSTAT SEMICOLON EXPRESSION SEMICOLON . ATRIBSTAT CLOSE_PAREN STATEMENT
    (7) ATRIBSTAT -> . LVALUE ASSIGN ( EXPRESSION | ALLOCEXPRESSION | FUNCCALL )
    (22) LVALUE -> . IDENT ( OPEN_SQUARE_BRACKET NUMEXPRESSION CLOSE_SQUARE_BRACKET ) *

    IDENT           shift and go to state 21

    ATRIBSTAT                      shift and go to state 201
    LVALUE                         shift and go to state 20

state 196

    (13) IFSTAT -> if OPEN_PAREN EXPRESSION CLOSE_PAREN STATEMENT ( else STATEMENT . ) ?

    )               shift and go to state 202


state 197

    (21) FACTOR -> ( INT_CONSTANT | FLOAT_CONSTANT | STRING_CONSTANT | null | . LVALUE | OPEN_PAREN NUMEXPRESSION CLOSE_PAREN )
    (22) LVALUE -> . IDENT ( OPEN_SQUARE_BRACKET NUMEXPRESSION CLOSE_SQUARE_BRACKET ) *

    IDENT           shift and go to state 21

    LVALUE                         shift and go to state 203

state 198

    (17) EXPRESSION -> NUMEXPRESSION ( ( LOWER | HIGHER | LOWER_EQUAL | HIGHER_EQUAL | EQUAL | NOT_EQUAL ) NUMEXPRESSION ) . ?

    ?               shift and go to state 204


state 199

    (4) PARAMLIST -> ( ( int | float | string ) IDENT COMMA PARAMLIST | ( int | float | string ) . IDENT ) ?

    IDENT           shift and go to state 205


state 200

    (5) STATEMENT -> ( VARDECL SEMICOLON | ATRIBSTAT SEMICOLON | PRINTSTAT SEMICOLON | READSTAT SEMICOLON | RETURNSTAT SEMICOLON | IFSTAT | FORSTAT | OPEN_CURLY_BRACKET STATELIST CLOSE_CURLY_BRACKET | break . SEMICOLON | SEMICOLON )

    SEMICOLON       shift and go to state 206


state 201

    (14) FORSTAT -> for OPEN_PAREN ATRIBSTAT SEMICOLON EXPRESSION SEMICOLON ATRIBSTAT . CLOSE_PAREN STATEMENT

    CLOSE_PAREN     shift and go to state 207


state 202

    (13) IFSTAT -> if OPEN_PAREN EXPRESSION CLOSE_PAREN STATEMENT ( else STATEMENT ) . ?

    ?               shift and go to state 208


state 203

    (21) FACTOR -> ( INT_CONSTANT | FLOAT_CONSTANT | STRING_CONSTANT | null | LVALUE . | OPEN_PAREN NUMEXPRESSION CLOSE_PAREN )

    |               shift and go to state 209


state 204

    (17) EXPRESSION -> NUMEXPRESSION ( ( LOWER | HIGHER | LOWER_EQUAL | HIGHER_EQUAL | EQUAL | NOT_EQUAL ) NUMEXPRESSION ) ? .

    |               reduce using rule 17 (EXPRESSION -> NUMEXPRESSION ( ( LOWER | HIGHER | LOWER_EQUAL | HIGHER_EQUAL | EQUAL | NOT_EQUAL ) NUMEXPRESSION ) ? .)
    SEMICOLON       reduce using rule 17 (EXPRESSION -> NUMEXPRESSION ( ( LOWER | HIGHER | LOWER_EQUAL | HIGHER_EQUAL | EQUAL | NOT_EQUAL ) NUMEXPRESSION ) ? .)
    CLOSE_PAREN     reduce using rule 17 (EXPRESSION -> NUMEXPRESSION ( ( LOWER | HIGHER | LOWER_EQUAL | HIGHER_EQUAL | EQUAL | NOT_EQUAL ) NUMEXPRESSION ) ? .)


state 205

    (4) PARAMLIST -> ( ( int | float | string ) IDENT COMMA PARAMLIST | ( int | float | string ) IDENT . ) ?

    )               shift and go to state 210


state 206

    (5) STATEMENT -> ( VARDECL SEMICOLON | ATRIBSTAT SEMICOLON | PRINTSTAT SEMICOLON | READSTAT SEMICOLON | RETURNSTAT SEMICOLON | IFSTAT | FORSTAT | OPEN_CURLY_BRACKET STATELIST CLOSE_CURLY_BRACKET | break SEMICOLON . | SEMICOLON )

    |               shift and go to state 211


state 207

    (14) FORSTAT -> for OPEN_PAREN ATRIBSTAT SEMICOLON EXPRESSION SEMICOLON ATRIBSTAT CLOSE_PAREN . STATEMENT
    (5) STATEMENT -> . ( VARDECL SEMICOLON | ATRIBSTAT SEMICOLON | PRINTSTAT SEMICOLON | READSTAT SEMICOLON | RETURNSTAT SEMICOLON | IFSTAT | FORSTAT | OPEN_CURLY_BRACKET STATELIST CLOSE_CURLY_BRACKET | break SEMICOLON | SEMICOLON )

    (               shift and go to state 3

    STATEMENT                      shift and go to state 212

state 208

    (13) IFSTAT -> if OPEN_PAREN EXPRESSION CLOSE_PAREN STATEMENT ( else STATEMENT ) ? .

    |               reduce using rule 13 (IFSTAT -> if OPEN_PAREN EXPRESSION CLOSE_PAREN STATEMENT ( else STATEMENT ) ? .)


state 209

    (21) FACTOR -> ( INT_CONSTANT | FLOAT_CONSTANT | STRING_CONSTANT | null | LVALUE | . OPEN_PAREN NUMEXPRESSION CLOSE_PAREN )

    OPEN_PAREN      shift and go to state 213


state 210

    (4) PARAMLIST -> ( ( int | float | string ) IDENT COMMA PARAMLIST | ( int | float | string ) IDENT ) . ?

    ?               shift and go to state 214


state 211

    (5) STATEMENT -> ( VARDECL SEMICOLON | ATRIBSTAT SEMICOLON | PRINTSTAT SEMICOLON | READSTAT SEMICOLON | RETURNSTAT SEMICOLON | IFSTAT | FORSTAT | OPEN_CURLY_BRACKET STATELIST CLOSE_CURLY_BRACKET | break SEMICOLON | . SEMICOLON )

    SEMICOLON       shift and go to state 215


state 212

    (14) FORSTAT -> for OPEN_PAREN ATRIBSTAT SEMICOLON EXPRESSION SEMICOLON ATRIBSTAT CLOSE_PAREN STATEMENT .

    |               reduce using rule 14 (FORSTAT -> for OPEN_PAREN ATRIBSTAT SEMICOLON EXPRESSION SEMICOLON ATRIBSTAT CLOSE_PAREN STATEMENT .)


state 213

    (21) FACTOR -> ( INT_CONSTANT | FLOAT_CONSTANT | STRING_CONSTANT | null | LVALUE | OPEN_PAREN . NUMEXPRESSION CLOSE_PAREN )
    (18) NUMEXPRESSION -> . TERM ( ( PLUS | MINUS ) TERM ) *
    (19) TERM -> . UNARYEXPR ( ( MULTIPLY | DIVIDE | MODULUS ) UNARYEXPR ) *
    (20) UNARYEXPR -> . ( ( PLUS | MINUS ) ) ? FACTOR

    (               shift and go to state 41

    NUMEXPRESSION                  shift and go to state 216
    TERM                           shift and go to state 44
    UNARYEXPR                      shift and go to state 45

state 214

    (4) PARAMLIST -> ( ( int | float | string ) IDENT COMMA PARAMLIST | ( int | float | string ) IDENT ) ? .

    CLOSE_PAREN     reduce using rule 4 (PARAMLIST -> ( ( int | float | string ) IDENT COMMA PARAMLIST | ( int | float | string ) IDENT ) ? .)
    |               reduce using rule 4 (PARAMLIST -> ( ( int | float | string ) IDENT COMMA PARAMLIST | ( int | float | string ) IDENT ) ? .)


state 215

    (5) STATEMENT -> ( VARDECL SEMICOLON | ATRIBSTAT SEMICOLON | PRINTSTAT SEMICOLON | READSTAT SEMICOLON | RETURNSTAT SEMICOLON | IFSTAT | FORSTAT | OPEN_CURLY_BRACKET STATELIST CLOSE_CURLY_BRACKET | break SEMICOLON | SEMICOLON . )

    )               shift and go to state 217


state 216

    (21) FACTOR -> ( INT_CONSTANT | FLOAT_CONSTANT | STRING_CONSTANT | null | LVALUE | OPEN_PAREN NUMEXPRESSION . CLOSE_PAREN )

    CLOSE_PAREN     shift and go to state 218


state 217

    (5) STATEMENT -> ( VARDECL SEMICOLON | ATRIBSTAT SEMICOLON | PRINTSTAT SEMICOLON | READSTAT SEMICOLON | RETURNSTAT SEMICOLON | IFSTAT | FORSTAT | OPEN_CURLY_BRACKET STATELIST CLOSE_CURLY_BRACKET | break SEMICOLON | SEMICOLON ) .

    |               reduce using rule 5 (STATEMENT -> ( VARDECL SEMICOLON | ATRIBSTAT SEMICOLON | PRINTSTAT SEMICOLON | READSTAT SEMICOLON | RETURNSTAT SEMICOLON | IFSTAT | FORSTAT | OPEN_CURLY_BRACKET STATELIST CLOSE_CURLY_BRACKET | break SEMICOLON | SEMICOLON ) .)
    (               reduce using rule 5 (STATEMENT -> ( VARDECL SEMICOLON | ATRIBSTAT SEMICOLON | PRINTSTAT SEMICOLON | READSTAT SEMICOLON | RETURNSTAT SEMICOLON | IFSTAT | FORSTAT | OPEN_CURLY_BRACKET STATELIST CLOSE_CURLY_BRACKET | break SEMICOLON | SEMICOLON ) .)
    )               reduce using rule 5 (STATEMENT -> ( VARDECL SEMICOLON | ATRIBSTAT SEMICOLON | PRINTSTAT SEMICOLON | READSTAT SEMICOLON | RETURNSTAT SEMICOLON | IFSTAT | FORSTAT | OPEN_CURLY_BRACKET STATELIST CLOSE_CURLY_BRACKET | break SEMICOLON | SEMICOLON ) .)


state 218

    (21) FACTOR -> ( INT_CONSTANT | FLOAT_CONSTANT | STRING_CONSTANT | null | LVALUE | OPEN_PAREN NUMEXPRESSION CLOSE_PAREN . )

    )               shift and go to state 219


state 219

    (21) FACTOR -> ( INT_CONSTANT | FLOAT_CONSTANT | STRING_CONSTANT | null | LVALUE | OPEN_PAREN NUMEXPRESSION CLOSE_PAREN ) .

    (               reduce using rule 21 (FACTOR -> ( INT_CONSTANT | FLOAT_CONSTANT | STRING_CONSTANT | null | LVALUE | OPEN_PAREN NUMEXPRESSION CLOSE_PAREN ) .)
    )               reduce using rule 21 (FACTOR -> ( INT_CONSTANT | FLOAT_CONSTANT | STRING_CONSTANT | null | LVALUE | OPEN_PAREN NUMEXPRESSION CLOSE_PAREN ) .)

